# JRE version: OpenJDK Runtime Environment (8.0_212-b04) (build 1.8.0_212-release-1586-b04)
# Java VM: OpenJDK 64-Bit Server VM (25.212-b04 mixed mode windows-amd64 compressed oops)
Heap:
 PSYoungGen      total 180224K, used 36111K [0x00000000e0000000, 0x00000000ede80000, 0x0000000100000000)
  eden space 161792K, 10% used [0x00000000e0000000,0x00000000e114be48,0x00000000e9e00000)
  from space 18432K, 99% used [0x00000000e9e00000,0x00000000eaff80f0,0x00000000eb000000)
  to   space 19456K, 0% used [0x00000000ecb80000,0x00000000ecb80000,0x00000000ede80000)
 ParOldGen       total 138752K, used 51557K [0x00000000a0000000, 0x00000000a8780000, 0x00000000e0000000)
  object space 138752K, 37% used [0x00000000a0000000,0x00000000a32597e0,0x00000000a8780000)
 Metaspace       used 76100K, capacity 79416K, committed 79656K, reserved 1118208K
  class space    used 10057K, capacity 10752K, committed 10792K, reserved 1048576K
GC Heap History (10 events):
Event: 7.343 GC heap before
{Heap before GC invocations=14 (full 2):
 PSYoungGen      total 158208K, used 47011K [0x00000000e0000000, 0x00000000ec280000, 0x0000000100000000)
  eden space 143360K, 22% used [0x00000000e0000000,0x00000000e1f6e048,0x00000000e8c00000)
  from space 14848K, 99% used [0x00000000e8c00000,0x00000000e9a7af60,0x00000000e9a80000)
  to   space 18944K, 0% used [0x00000000eb000000,0x00000000eb000000,0x00000000ec280000)
 ParOldGen       total 93696K, used 24986K [0x00000000a0000000, 0x00000000a5b80000, 0x00000000e0000000)
  object space 93696K, 26% used [0x00000000a0000000,0x00000000a18669d8,0x00000000a5b80000)
 Metaspace       used 57243K, capacity 59056K, committed 59160K, reserved 1099776K
  class space    used 7850K, capacity 8316K, committed 8360K, reserved 1048576K
Event: 7.352 GC heap after
Heap after GC invocations=14 (full 2):
 PSYoungGen      total 180736K, used 10074K [0x00000000e0000000, 0x00000000ed080000, 0x0000000100000000)
  eden space 161792K, 0% used [0x00000000e0000000,0x00000000e0000000,0x00000000e9e00000)
  from space 18944K, 53% used [0x00000000eb000000,0x00000000eb9d6b08,0x00000000ec280000)
  to   space 18432K, 0% used [0x00000000e9e00000,0x00000000e9e00000,0x00000000eb000000)
 ParOldGen       total 93696K, used 31232K [0x00000000a0000000, 0x00000000a5b80000, 0x00000000e0000000)
  object space 93696K, 33% used [0x00000000a0000000,0x00000000a1e80078,0x00000000a5b80000)
 Metaspace       used 57243K, capacity 59056K, committed 59160K, reserved 1099776K
  class space    used 7850K, capacity 8316K, committed 8360K, reserved 1048576K
}
Event: 7.352 GC heap before
{Heap before GC invocations=15 (full 3):
 PSYoungGen      total 180736K, used 10074K [0x00000000e0000000, 0x00000000ed080000, 0x0000000100000000)
  eden space 161792K, 0% used [0x00000000e0000000,0x00000000e0000000,0x00000000e9e00000)
  from space 18944K, 53% used [0x00000000eb000000,0x00000000eb9d6b08,0x00000000ec280000)
  to   space 18432K, 0% used [0x00000000e9e00000,0x00000000e9e00000,0x00000000eb000000)
 ParOldGen       total 93696K, used 31232K [0x00000000a0000000, 0x00000000a5b80000, 0x00000000e0000000)
  object space 93696K, 33% used [0x00000000a0000000,0x00000000a1e80078,0x00000000a5b80000)
 Metaspace       used 57243K, capacity 59056K, committed 59160K, reserved 1099776K
  class space    used 7850K, capacity 8316K, committed 8360K, reserved 1048576K
Event: 7.545 GC heap after
Heap after GC invocations=15 (full 3):
 PSYoungGen      total 180736K, used 0K [0x00000000e0000000, 0x00000000ed080000, 0x0000000100000000)
  eden space 161792K, 0% used [0x00000000e0000000,0x00000000e0000000,0x00000000e9e00000)
  from space 18944K, 0% used [0x00000000eb000000,0x00000000eb000000,0x00000000ec280000)
  to   space 18432K, 0% used [0x00000000e9e00000,0x00000000e9e00000,0x00000000eb000000)
 ParOldGen       total 138752K, used 31347K [0x00000000a0000000, 0x00000000a8780000, 0x00000000e0000000)
  object space 138752K, 22% used [0x00000000a0000000,0x00000000a1e9ccd8,0x00000000a8780000)
 Metaspace       used 57243K, capacity 59056K, committed 59160K, reserved 1099776K
  class space    used 7850K, capacity 8316K, committed 8360K, reserved 1048576K
}
Event: 9.792 GC heap before
{Heap before GC invocations=16 (full 3):
 PSYoungGen      total 180736K, used 161792K [0x00000000e0000000, 0x00000000ed080000, 0x0000000100000000)
  eden space 161792K, 100% used [0x00000000e0000000,0x00000000e9e00000,0x00000000e9e00000)
  from space 18944K, 0% used [0x00000000eb000000,0x00000000eb000000,0x00000000ec280000)
  to   space 18432K, 0% used [0x00000000e9e00000,0x00000000e9e00000,0x00000000eb000000)
 ParOldGen       total 138752K, used 31347K [0x00000000a0000000, 0x00000000a8780000, 0x00000000e0000000)
  object space 138752K, 22% used [0x00000000a0000000,0x00000000a1e9ccd8,0x00000000a8780000)
 Metaspace       used 61291K, capacity 63878K, committed 64168K, reserved 1103872K
  class space    used 8401K, capacity 9009K, committed 9128K, reserved 1048576K
Event: 9.801 GC heap after
Heap after GC invocations=16 (full 3):
 PSYoungGen      total 180224K, used 14782K [0x00000000e0000000, 0x00000000ede80000, 0x0000000100000000)
  eden space 161792K, 0% used [0x00000000e0000000,0x00000000e0000000,0x00000000e9e00000)
  from space 18432K, 80% used [0x00000000e9e00000,0x00000000eac6fa70,0x00000000eb000000)
  to   space 19456K, 0% used [0x00000000ecb80000,0x00000000ecb80000,0x00000000ede80000)
 ParOldGen       total 138752K, used 31355K [0x00000000a0000000, 0x00000000a8780000, 0x00000000e0000000)
  object space 138752K, 22% used [0x00000000a0000000,0x00000000a1e9ecd8,0x00000000a8780000)
 Metaspace       used 61291K, capacity 63878K, committed 64168K, reserved 1103872K
  class space    used 8401K, capacity 9009K, committed 9128K, reserved 1048576K
}
Event: 18.705 GC heap before
{Heap before GC invocations=17 (full 3):
 PSYoungGen      total 180224K, used 176574K [0x00000000e0000000, 0x00000000ede80000, 0x0000000100000000)
  eden space 161792K, 100% used [0x00000000e0000000,0x00000000e9e00000,0x00000000e9e00000)
  from space 18432K, 80% used [0x00000000e9e00000,0x00000000eac6fa70,0x00000000eb000000)
  to   space 19456K, 0% used [0x00000000ecb80000,0x00000000ecb80000,0x00000000ede80000)
 ParOldGen       total 138752K, used 31355K [0x00000000a0000000, 0x00000000a8780000, 0x00000000e0000000)
  object space 138752K, 22% used [0x00000000a0000000,0x00000000a1e9ecd8,0x00000000a8780000)
 Metaspace       used 66342K, capacity 69118K, committed 69288K, reserved 1110016K
  class space    used 9001K, capacity 9629K, committed 9640K, reserved 1048576K
Event: 18.720 GC heap after
Heap after GC invocations=17 (full 3):
 PSYoungGen      total 181248K, used 19449K [0x00000000e0000000, 0x00000000ede80000, 0x0000000100000000)
  eden space 161792K, 0% used [0x00000000e0000000,0x00000000e0000000,0x00000000e9e00000)
  from space 19456K, 99% used [0x00000000ecb80000,0x00000000ede7e560,0x00000000ede80000)
  to   space 18432K, 0% used [0x00000000e9e00000,0x00000000e9e00000,0x00000000eb000000)
 ParOldGen       total 138752K, used 38329K [0x00000000a0000000, 0x00000000a8780000, 0x00000000e0000000)
  object space 138752K, 27% used [0x00000000a0000000,0x00000000a256e7a8,0x00000000a8780000)
 Metaspace       used 66342K, capacity 69118K, committed 69288K, reserved 1110016K
  class space    used 9001K, capacity 9629K, committed 9640K, reserved 1048576K
}
Event: 140.587 GC heap before
{Heap before GC invocations=18 (full 3):
 PSYoungGen      total 181248K, used 181241K [0x00000000e0000000, 0x00000000ede80000, 0x0000000100000000)
  eden space 161792K, 100% used [0x00000000e0000000,0x00000000e9e00000,0x00000000e9e00000)
  from space 19456K, 99% used [0x00000000ecb80000,0x00000000ede7e560,0x00000000ede80000)
  to   space 18432K, 0% used [0x00000000e9e00000,0x00000000e9e00000,0x00000000eb000000)
 ParOldGen       total 138752K, used 38329K [0x00000000a0000000, 0x00000000a8780000, 0x00000000e0000000)
  object space 138752K, 27% used [0x00000000a0000000,0x00000000a256e7a8,0x00000000a8780000)
 Metaspace       used 75509K, capacity 78764K, committed 79016K, reserved 1118208K
  class space    used 9945K, capacity 10634K, committed 10664K, reserved 1048576K
Event: 140.613 GC heap after
Heap after GC invocations=18 (full 3):
 PSYoungGen      total 180224K, used 18400K [0x00000000e0000000, 0x00000000ede80000, 0x0000000100000000)
  eden space 161792K, 0% used [0x00000000e0000000,0x00000000e0000000,0x00000000e9e00000)
  from space 18432K, 99% used [0x00000000e9e00000,0x00000000eaff80f0,0x00000000eb000000)
  to   space 19456K, 0% used [0x00000000ecb80000,0x00000000ecb80000,0x00000000ede80000)
 ParOldGen       total 138752K, used 51557K [0x00000000a0000000, 0x00000000a8780000, 0x00000000e0000000)
  object space 138752K, 37% used [0x00000000a0000000,0x00000000a32597e0,0x00000000a8780000)
 Metaspace       used 75509K, capacity 78764K, committed 79016K, reserved 1118208K
  class space    used 9945K, capacity 10634K, committed 10664K, reserved 1048576K
}

