# JRE version: OpenJDK Runtime Environment (8.0_212-b04) (build 1.8.0_212-release-1586-b04)
# Java VM: OpenJDK 64-Bit Server VM (25.212-b04 mixed mode windows-amd64 compressed oops)
Heap:
 PSYoungGen      total 116736K, used 26014K [0x00000000e0000000, 0x00000000e8f80000, 0x0000000100000000)
  eden space 97280K, 19% used [0x00000000e0000000,0x00000000e123c3c8,0x00000000e5f00000)
  from space 19456K, 37% used [0x00000000e5f00000,0x00000000e662b728,0x00000000e7200000)
  to   space 18432K, 0% used [0x00000000e7d80000,0x00000000e7d80000,0x00000000e8f80000)
 ParOldGen       total 98304K, used 49047K [0x00000000a0000000, 0x00000000a6000000, 0x00000000e0000000)
  object space 98304K, 49% used [0x00000000a0000000,0x00000000a2fe5d70,0x00000000a6000000)
 Metaspace       used 66536K, capacity 69080K, committed 69288K, reserved 1110016K
  class space    used 9017K, capacity 9592K, committed 9640K, reserved 1048576K
GC Heap History (10 events):
Event: 36.096 GC heap before
{Heap before GC invocations=20 (full 3):
 PSYoungGen      total 89600K, used 5407K [0x00000000e0000000, 0x00000000e7200000, 0x0000000100000000)
  eden space 78848K, 0% used [0x00000000e0000000,0x00000000e0000000,0x00000000e4d00000)
  from space 10752K, 50% used [0x00000000e4d00000,0x00000000e5247c10,0x00000000e5780000)
  to   space 10240K, 0% used [0x00000000e6800000,0x00000000e6800000,0x00000000e7200000)
 ParOldGen       total 64512K, used 29089K [0x00000000a0000000, 0x00000000a3f00000, 0x00000000e0000000)
  object space 64512K, 45% used [0x00000000a0000000,0x00000000a1c68508,0x00000000a3f00000)
 Metaspace       used 57207K, capacity 59028K, committed 59160K, reserved 1099776K
  class space    used 7830K, capacity 8284K, committed 8360K, reserved 1048576K
Event: 36.370 GC heap after
Heap after GC invocations=20 (full 3):
 PSYoungGen      total 89600K, used 0K [0x00000000e0000000, 0x00000000e7200000, 0x0000000100000000)
  eden space 78848K, 0% used [0x00000000e0000000,0x00000000e0000000,0x00000000e4d00000)
  from space 10752K, 0% used [0x00000000e4d00000,0x00000000e4d00000,0x00000000e5780000)
  to   space 10240K, 0% used [0x00000000e6800000,0x00000000e6800000,0x00000000e7200000)
 ParOldGen       total 98304K, used 32479K [0x00000000a0000000, 0x00000000a6000000, 0x00000000e0000000)
  object space 98304K, 33% used [0x00000000a0000000,0x00000000a1fb7f80,0x00000000a6000000)
 Metaspace       used 57207K, capacity 59028K, committed 59160K, reserved 1099776K
  class space    used 7830K, capacity 8284K, committed 8360K, reserved 1048576K
}
Event: 42.396 GC heap before
{Heap before GC invocations=21 (full 3):
 PSYoungGen      total 89600K, used 78848K [0x00000000e0000000, 0x00000000e7200000, 0x0000000100000000)
  eden space 78848K, 100% used [0x00000000e0000000,0x00000000e4d00000,0x00000000e4d00000)
  from space 10752K, 0% used [0x00000000e4d00000,0x00000000e4d00000,0x00000000e5780000)
  to   space 10240K, 0% used [0x00000000e6800000,0x00000000e6800000,0x00000000e7200000)
 ParOldGen       total 98304K, used 32479K [0x00000000a0000000, 0x00000000a6000000, 0x00000000e0000000)
  object space 98304K, 33% used [0x00000000a0000000,0x00000000a1fb7f80,0x00000000a6000000)
 Metaspace       used 60445K, capacity 62656K, committed 62888K, reserved 1103872K
  class space    used 8279K, capacity 8818K, committed 8872K, reserved 1048576K
Event: 42.418 GC heap after
Heap after GC invocations=21 (full 3):
 PSYoungGen      total 100352K, used 9096K [0x00000000e0000000, 0x00000000e7100000, 0x0000000100000000)
  eden space 91136K, 0% used [0x00000000e0000000,0x00000000e0000000,0x00000000e5900000)
  from space 9216K, 98% used [0x00000000e6800000,0x00000000e70e2068,0x00000000e7100000)
  to   space 11264K, 0% used [0x00000000e5b00000,0x00000000e5b00000,0x00000000e6600000)
 ParOldGen       total 98304K, used 32487K [0x00000000a0000000, 0x00000000a6000000, 0x00000000e0000000)
  object space 98304K, 33% used [0x00000000a0000000,0x00000000a1fb9f80,0x00000000a6000000)
 Metaspace       used 60445K, capacity 62656K, committed 62888K, reserved 1103872K
  class space    used 8279K, capacity 8818K, committed 8872K, reserved 1048576K
}
Event: 47.853 GC heap before
{Heap before GC invocations=22 (full 3):
 PSYoungGen      total 100352K, used 100232K [0x00000000e0000000, 0x00000000e7100000, 0x0000000100000000)
  eden space 91136K, 100% used [0x00000000e0000000,0x00000000e5900000,0x00000000e5900000)
  from space 9216K, 98% used [0x00000000e6800000,0x00000000e70e2068,0x00000000e7100000)
  to   space 11264K, 0% used [0x00000000e5b00000,0x00000000e5b00000,0x00000000e6600000)
 ParOldGen       total 98304K, used 32487K [0x00000000a0000000, 0x00000000a6000000, 0x00000000e0000000)
  object space 98304K, 33% used [0x00000000a0000000,0x00000000a1fb9f80,0x00000000a6000000)
 Metaspace       used 61322K, capacity 63736K, committed 64040K, reserved 1103872K
  class space    used 8357K, capacity 8924K, committed 9000K, reserved 1048576K
Event: 47.861 GC heap after
Heap after GC invocations=22 (full 3):
 PSYoungGen      total 104448K, used 11232K [0x00000000e0000000, 0x00000000e7f00000, 0x0000000100000000)
  eden space 93184K, 0% used [0x00000000e0000000,0x00000000e0000000,0x00000000e5b00000)
  from space 11264K, 99% used [0x00000000e5b00000,0x00000000e65f8040,0x00000000e6600000)
  to   space 13312K, 0% used [0x00000000e7200000,0x00000000e7200000,0x00000000e7f00000)
 ParOldGen       total 98304K, used 35280K [0x00000000a0000000, 0x00000000a6000000, 0x00000000e0000000)
  object space 98304K, 35% used [0x00000000a0000000,0x00000000a2274208,0x00000000a6000000)
 Metaspace       used 61322K, capacity 63736K, committed 64040K, reserved 1103872K
  class space    used 8357K, capacity 8924K, committed 9000K, reserved 1048576K
}
Event: 51.181 GC heap before
{Heap before GC invocations=23 (full 3):
 PSYoungGen      total 104448K, used 104416K [0x00000000e0000000, 0x00000000e7f00000, 0x0000000100000000)
  eden space 93184K, 100% used [0x00000000e0000000,0x00000000e5b00000,0x00000000e5b00000)
  from space 11264K, 99% used [0x00000000e5b00000,0x00000000e65f8040,0x00000000e6600000)
  to   space 13312K, 0% used [0x00000000e7200000,0x00000000e7200000,0x00000000e7f00000)
 ParOldGen       total 98304K, used 35280K [0x00000000a0000000, 0x00000000a6000000, 0x00000000e0000000)
  object space 98304K, 35% used [0x00000000a0000000,0x00000000a2274208,0x00000000a6000000)
 Metaspace       used 63235K, capacity 65642K, committed 65832K, reserved 1105920K
  class space    used 8597K, capacity 9141K, committed 9256K, reserved 1048576K
Event: 51.203 GC heap after
Heap after GC invocations=23 (full 3):
 PSYoungGen      total 110592K, used 13282K [0x00000000e0000000, 0x00000000e8e00000, 0x0000000100000000)
  eden space 97280K, 0% used [0x00000000e0000000,0x00000000e0000000,0x00000000e5f00000)
  from space 13312K, 99% used [0x00000000e7200000,0x00000000e7ef89e8,0x00000000e7f00000)
  to   space 19456K, 0% used [0x00000000e5f00000,0x00000000e5f00000,0x00000000e7200000)
 ParOldGen       total 98304K, used 46696K [0x00000000a0000000, 0x00000000a6000000, 0x00000000e0000000)
  object space 98304K, 47% used [0x00000000a0000000,0x00000000a2d9a1c8,0x00000000a6000000)
 Metaspace       used 63235K, capacity 65642K, committed 65832K, reserved 1105920K
  class space    used 8597K, capacity 9141K, committed 9256K, reserved 1048576K
}
Event: 53.991 GC heap before
{Heap before GC invocations=24 (full 3):
 PSYoungGen      total 110592K, used 110562K [0x00000000e0000000, 0x00000000e8e00000, 0x0000000100000000)
  eden space 97280K, 100% used [0x00000000e0000000,0x00000000e5f00000,0x00000000e5f00000)
  from space 13312K, 99% used [0x00000000e7200000,0x00000000e7ef89e8,0x00000000e7f00000)
  to   space 19456K, 0% used [0x00000000e5f00000,0x00000000e5f00000,0x00000000e7200000)
 ParOldGen       total 98304K, used 46696K [0x00000000a0000000, 0x00000000a6000000, 0x00000000e0000000)
  object space 98304K, 47% used [0x00000000a0000000,0x00000000a2d9a1c8,0x00000000a6000000)
 Metaspace       used 65663K, capacity 68240K, committed 68392K, reserved 1107968K
  class space    used 8929K, capacity 9504K, committed 9512K, reserved 1048576K
Event: 53.998 GC heap after
Heap after GC invocations=24 (full 3):
 PSYoungGen      total 116736K, used 7341K [0x00000000e0000000, 0x00000000e8f80000, 0x0000000100000000)
  eden space 97280K, 0% used [0x00000000e0000000,0x00000000e0000000,0x00000000e5f00000)
  from space 19456K, 37% used [0x00000000e5f00000,0x00000000e662b728,0x00000000e7200000)
  to   space 18432K, 0% used [0x00000000e7d80000,0x00000000e7d80000,0x00000000e8f80000)
 ParOldGen       total 98304K, used 49047K [0x00000000a0000000, 0x00000000a6000000, 0x00000000e0000000)
  object space 98304K, 49% used [0x00000000a0000000,0x00000000a2fe5d70,0x00000000a6000000)
 Metaspace       used 65663K, capacity 68240K, committed 68392K, reserved 1107968K
  class space    used 8929K, capacity 9504K, committed 9512K, reserved 1048576K
}

